[debug] [2022-07-28T19:37:55.884Z] ----------------------------------------------------------------------
[debug] [2022-07-28T19:37:55.889Z] Command:       C:\Users\matia\OneDrive\ESCRIT~1\firebase-tools-instant-win.exe C:\Users\matia\.cache\firebase\tools\lib\node_modules\firebase-tools\lib\bin\firebase deploy
[debug] [2022-07-28T19:37:55.890Z] CLI Version:   10.9.2
[debug] [2022-07-28T19:37:55.890Z] Platform:      win32
[debug] [2022-07-28T19:37:55.890Z] Node Version:  v12.18.1
[debug] [2022-07-28T19:37:55.921Z] Time:          Thu Jul 28 2022 16:37:55 GMT-0300 (GMT-03:00)
[debug] [2022-07-28T19:37:55.921Z] ----------------------------------------------------------------------
[debug] 
[debug] [2022-07-28T19:37:56.066Z] > command requires scopes: ["email","openid","https://www.googleapis.com/auth/cloudplatformprojects.readonly","https://www.googleapis.com/auth/firebase","https://www.googleapis.com/auth/cloud-platform"]
[debug] [2022-07-28T19:37:56.066Z] > authorizing via signed-in user (matias.fernandez099@gmail.com)
[debug] [2022-07-28T19:37:56.066Z] [iam] checking project porfolio-matias-fernandez for permissions ["firebase.projects.get","firebasehosting.sites.update"]
[debug] [2022-07-28T19:37:56.074Z] > refreshing access token with scopes: []
[debug] [2022-07-28T19:37:56.075Z] >>> HTTP REQUEST POST https://www.googleapis.com/oauth2/v3/token  
 <request body omitted>
[debug] [2022-07-28T19:37:56.500Z] <<< HTTP RESPONSE 200 {"pragma":"no-cache","expires":"Mon, 01 Jan 1990 00:00:00 GMT","cache-control":"no-cache, no-store, max-age=0, must-revalidate","date":"Thu, 28 Jul 2022 19:37:57 GMT","content-type":"application/json; charset=utf-8","vary":"X-Origin, Referer, Origin,Accept-Encoding","server":"scaffolding on HTTPServer2","x-xss-protection":"0","x-frame-options":"SAMEORIGIN","x-content-type-options":"nosniff","alt-svc":"h3=\":443\"; ma=2592000,h3-29=\":443\"; ma=2592000,h3-Q050=\":443\"; ma=2592000,h3-Q046=\":443\"; ma=2592000,h3-Q043=\":443\"; ma=2592000,quic=\":443\"; ma=2592000; v=\"46,43\"","accept-ranges":"none","transfer-encoding":"chunked"}
[debug] [2022-07-28T19:37:56.550Z] >>> [apiv2][query] POST https://cloudresourcemanager.googleapis.com/v1/projects/porfolio-matias-fernandez:testIamPermissions [none]
[debug] [2022-07-28T19:37:56.550Z] >>> [apiv2][body] POST https://cloudresourcemanager.googleapis.com/v1/projects/porfolio-matias-fernandez:testIamPermissions {"permissions":["firebase.projects.get","firebasehosting.sites.update"]}
[debug] [2022-07-28T19:37:57.993Z] <<< [apiv2][status] POST https://cloudresourcemanager.googleapis.com/v1/projects/porfolio-matias-fernandez:testIamPermissions 200
[debug] [2022-07-28T19:37:57.993Z] <<< [apiv2][body] POST https://cloudresourcemanager.googleapis.com/v1/projects/porfolio-matias-fernandez:testIamPermissions {"permissions":["firebase.projects.get","firebasehosting.sites.update"]}
[debug] [2022-07-28T19:37:57.996Z] >>> [apiv2][query] GET https://firebase.googleapis.com/v1beta1/projects/porfolio-matias-fernandez [none]
[debug] [2022-07-28T19:37:59.100Z] <<< [apiv2][status] GET https://firebase.googleapis.com/v1beta1/projects/porfolio-matias-fernandez 200
[debug] [2022-07-28T19:37:59.100Z] <<< [apiv2][body] GET https://firebase.googleapis.com/v1beta1/projects/porfolio-matias-fernandez {"projectId":"porfolio-matias-fernandez","projectNumber":"643802788709","displayName":"Porfolio Matias Fernandez","name":"projects/porfolio-matias-fernandez","resources":{"hostingSite":"porfolio-matias-fernandez","storageBucket":"porfolio-matias-fernandez.appspot.com","locationId":"southamerica-east1"},"state":"ACTIVE","etag":"1_ad150488-5747-446c-94d9-e348ffe662c7"}
[info] 
[info] === Deploying to 'porfolio-matias-fernandez'...
[info] 
[info] i  deploying hosting 
[debug] [2022-07-28T19:37:59.116Z] >>> [apiv2][query] GET https://firebase.googleapis.com/v1beta1/projects/porfolio-matias-fernandez [none]
